0 info it worked if it ends with ok
1 verbose cli [ 'C:\\Program Files\\nodejs\\node.exe',
1 verbose cli   'C:\\Program Files\\nodejs\\node_modules\\npm\\bin\\npm-cli.js',
1 verbose cli   'run',
1 verbose cli   'devserv' ]
2 info using npm@3.10.10
3 info using node@v6.11.1
4 verbose run-script [ 'predevserv', 'devserv', 'postdevserv' ]
5 info lifecycle KaraokeMaker@1.0.0~predevserv: KaraokeMaker@1.0.0
6 silly lifecycle KaraokeMaker@1.0.0~predevserv: no script for predevserv, continuing
7 info lifecycle KaraokeMaker@1.0.0~devserv: KaraokeMaker@1.0.0
8 verbose lifecycle KaraokeMaker@1.0.0~devserv: unsafe-perm in lifecycle true
9 verbose lifecycle KaraokeMaker@1.0.0~devserv: PATH: C:\Program Files\nodejs\node_modules\npm\bin\node-gyp-bin;C:\Users\flori\Documents\Websites\KaraokeMaker\node_modules\.bin;C:\Users\flori\AppData\Roaming\npm;C:\Program Files\nodejs\;C:\ProgramData\Oracle\Java\javapath;C:\Windows\system32;C:\Windows;C:\Windows\System32\Wbem;C:\Windows\System32\WindowsPowerShell\v1.0\;C:\Program Files (x86)\NVIDIA Corporation\PhysX\Common;C:\Program Files (x86)\Java\jre1.8.0_121\bin;C:\WINDOWS\system32;C:\WINDOWS;C:\WINDOWS\System32\Wbem;C:\WINDOWS\System32\WindowsPowerShell\v1.0\;C:\Program Files\Calibre2\;C:\ProgramData\chocolatey\bin;C:\Program Files\Git\cmd;C:\Program Files\OpenVPN\bin;C:\Program Files\nodejs\;C:\Users\flori\AppData\Local\Microsoft\WindowsApps;C:\Users\flori\AppData\Roaming\npm;C:\Users\flori\AppData\Local\GitHubDesktop\bin
10 verbose lifecycle KaraokeMaker@1.0.0~devserv: CWD: C:\Users\flori\Documents\Websites\KaraokeMaker
11 silly lifecycle KaraokeMaker@1.0.0~devserv: Args: [ '/d /s /c', 'webpack-dev-server' ]
12 verbose stack Error: kill ENOSYS
12 verbose stack     at exports._errnoException (util.js:1018:11)
12 verbose stack     at process.kill (internal/process.js:190:13)
12 verbose stack     at process.listener (C:\Program Files\nodejs\node_modules\npm\node_modules\npmlog\node_modules\gauge\node_modules\signal-exit\index.js:86:15)
12 verbose stack     at emitNone (events.js:91:20)
12 verbose stack     at process.emit (events.js:185:7)
12 verbose stack     at processEmit (C:\Program Files\nodejs\node_modules\npm\node_modules\npmlog\node_modules\gauge\node_modules\signal-exit\index.js:146:32)
12 verbose stack     at processEmit (C:\Program Files\nodejs\node_modules\npm\node_modules\npm-registry-client\node_modules\npmlog\node_modules\gauge\node_modules\signal-exit\index.js:146:32)
12 verbose stack     at Signal.wrap.onsignal (internal/process.js:217:44)
13 verbose cwd C:\Users\flori\Documents\Websites\KaraokeMaker
14 error Windows_NT 10.0.15063
15 error argv "C:\\Program Files\\nodejs\\node.exe" "C:\\Program Files\\nodejs\\node_modules\\npm\\bin\\npm-cli.js" "run" "devserv"
16 error node v6.11.1
17 error npm  v3.10.10
18 error code ENOSYS
19 error errno ENOSYS
20 error syscall kill
21 error kill ENOSYS
22 error If you need help, you may report this error at:
22 error     <https://github.com/npm/npm/issues>
23 verbose exit [ 1, true ]
